Timestamp: 2023-06-29T21:00:50.403Z
Status Code: function status(code) {
  this.statusCode = code;
  return this;
}
Error: undefined

Timestamp: 2023-06-29T21:01:40.853Z
Status Code: function status(code) {
  this.statusCode = code;
  return this;
}
Error: undefined

Timestamp: 2023-06-29T21:02:15.911Z
Status Code: function status(code) {
  this.statusCode = code;
  return this;
}
Error: undefined

Timestamp: 2023-06-29T21:04:01.260Z
Status Code: undefined
Error: undefined

Timestamp: 2023-06-29T21:04:41.238Z
Status Code: undefined
Error: undefined

Timestamp: 2023-06-29T21:09:15.096Z
Status Code: undefined
Error: undefined

Timestamp: 2023-06-29T21:09:35.695Z
Status Code: undefined
Error: undefined

Timestamp: 2023-06-29T21:10:48.094Z
Status Code: undefined
Error: undefined

