Timestamp: 2023-07-02T18:07:04.983Z
Status Code: 400
Error: undefined

Timestamp: 2023-07-02T18:10:34.165Z
Status Code: 400
Error: ValidationError: The email structure is incorrect, the email must contain English letters and @ for example A@gmail.com

Timestamp: 2023-07-02T18:11:40.911Z
Status Code: 400
Error: ValidationError: The email structure is incorrect, the email must contain English letters and @ for example A@gmail.com

Timestamp: 2023-07-02T18:12:44.170Z
Status Code: 400
Error: ValidationError: The email structure is incorrect, the email must contain English letters and @ for example A@gmail.com

Timestamp: 2023-07-02T18:13:12.414Z
Status Code: 400
Error: ValidationError: The email structure is incorrect, the email must contain English letters and @ for example A@gmail.com

Timestamp: 2023-07-02T18:14:15.285Z
Status Code: 400
Error: ValidationError: The email structure is incorrect, the email must contain English letters and @ for example A@gmail.com

Timestamp: 2023-07-02T18:14:34.738Z
Status Code: 400
Error: ValidationError: "phone" is not allowed to be empty. The email structure is incorrect, the email must contain English letters and @ for example A@gmail.com

Timestamp: 2023-07-02T18:36:55.924Z
Status Code: 401
Error: invalid email and/or password

Timestamp: 2023-07-02T18:36:55.926Z
Status Code: 401
Error: [object Object]

Timestamp: 2023-07-02T18:40:54.758Z
Status Code: 400
Error: ValidationError: "phone" is not allowed to be empty. The email structure is incorrect, the email must contain English letters and @ for example A@gmail.com

Timestamp: 2023-07-02T18:41:31.294Z
Status Code: 500
Error: ValidationError: "email" with value "ppp@" fails to match the required pattern: /^([a-zA-Z0-9_\-\.]+)@([a-zA-Z0-9_\-\.]+)\.([a-zA-Z]{2,5})$/

Timestamp: 2023-07-02T18:42:25.295Z
Status Code: 401
Error: ValidationError: "email" with value "ppp@" fails to match the required pattern: /^([a-zA-Z0-9_\-\.]+)@([a-zA-Z0-9_\-\.]+)\.([a-zA-Z]{2,5})$/

Timestamp: 2023-07-02T18:43:44.645Z
Status Code: 401
Error: ValidationError: "email" with value "ppp@" fails to match the required pattern: /^([a-zA-Z0-9_\-\.]+)@([a-zA-Z0-9_\-\.]+)\.([a-zA-Z]{2,5})$/

Timestamp: 2023-07-02T18:44:02.951Z
Status Code: 401
Error: ValidationError: "email" with value "ppp@" fails to match the required pattern: /^([a-zA-Z0-9_\-\.]+)@([a-zA-Z0-9_\-\.]+)\.([a-zA-Z]{2,5})$/

Timestamp: 2023-07-02T19:05:27.087Z
Status Code: 400
Error: ValidationError: The phone number must start with 0 and contain only numbers. You can put - after the third digit

Timestamp: 2023-07-02T19:05:56.812Z
Status Code: 400
Error: ValidationError: "name.firstName" is not allowed to be empty

Timestamp: 2023-07-02T19:06:11.070Z
Status Code: 400
Error: MongoServerError: E11000 duplicate key error collection: bizcarddb.users index: email_1 dup key: { email: "ppp@fvas.com" }

Timestamp: 2023-07-02T19:06:40.106Z
Status Code: 400
Error: ValidationError: "name.lastName" is not allowed to be empty

Timestamp: 2023-07-02T19:07:12.138Z
Status Code: 400
Error: ValidationError: The phone number must start with 0 and contain only numbers. You can put - after the third digit

Timestamp: 2023-07-02T19:07:31.238Z
Status Code: 400
Error: ValidationError: the password should be supper protected, this mean that its should contain only upper and lower case latter's

Timestamp: 2023-07-02T19:07:45.824Z
Status Code: 400
Error: ValidationError: the password should be supper protected, this mean that its should contain only upper and lower case latter's

Timestamp: 2023-07-02T19:14:24.135Z
Status Code: 400
Error: ValidationError: the password should be supper protected, this mean that its must contain an uppercase letter and a lowercase letter, and a number, and must be atleast of size 8

Timestamp: 2023-07-02T19:14:51.673Z
Status Code: 400
Error: ValidationError: the password should be supper protected, this mean that its must contain an uppercase letter and a lowercase letter, and a number, and must be atleast of size 8. "image" is required

Timestamp: 2023-07-02T19:21:25.389Z
Status Code: 401
Error: [object Object]

Timestamp: 2023-07-02T19:22:31.503Z
Status Code: 401
Error: please provide token

Timestamp: 2023-07-02T19:23:23.384Z
Status Code: 401
Error: please provide token

Timestamp: 2023-07-02T19:30:12.553Z
Status Code: 401
Error: please provide token

Timestamp: 2023-07-02T19:32:07.516Z
Status Code: 401
Error: invalid token

Timestamp: 2023-07-02T19:32:29.997Z
Status Code: 401
Error: invalid token

Timestamp: 2023-07-02T19:32:53.281Z
Status Code: 401
Error: invalid token

Timestamp: 2023-07-02T19:32:58.523Z
Status Code: 401
Error: invalid token

Timestamp: 2023-07-02T19:33:04.099Z
Status Code: 401
Error: invalid token

Timestamp: 2023-07-02T19:33:27.545Z
Status Code: 401
Error: invalid token

Timestamp: 2023-07-02T19:38:49.549Z
Status Code: 403
Error: user does not exist

Timestamp: 2023-07-02T19:39:15.728Z
Status Code: 400
Error: user does not exist

Timestamp: 2023-07-02T19:42:46.213Z
Status Code: 401
Error: please provide token

Timestamp: 2023-07-02T19:45:12.743Z
Status Code: 403
Error: you do not have sufficient permissions for this action

Timestamp: 2023-07-02T19:45:29.731Z
Status Code: 403
Error: you do not have sufficient permissions for this action

Timestamp: 2023-07-02T19:45:32.576Z
Status Code: 403
Error: you do not have sufficient permissions for this action

Timestamp: 2023-07-02T19:46:27.429Z
Status Code: 401
Error: ValidationError: the password should be supper protected, this mean that its must contain an uppercase letter and a lowercase letter, and a number, and must be atleast of size 8

Timestamp: 2023-07-02T19:46:50.480Z
Status Code: 400
Error: ValidationError: "value" length must be 24 characters long

Timestamp: 2023-07-02T19:48:15.925Z
Status Code: 400
Error: user does not exist

Timestamp: 2023-07-02T19:48:17.446Z
Status Code: 400
Error: user does not exist

Timestamp: 2023-07-02T19:48:22.547Z
Status Code: 400
Error: ValidationError: "value" length must be 24 characters long

Timestamp: 2023-07-02T19:48:26.115Z
Status Code: 400
Error: ValidationError: "value" length must be 24 characters long

Timestamp: 2023-07-02T19:52:46.159Z
Status Code: 403
Error: you do not have sufficient permissions for this action

Timestamp: 2023-07-02T19:53:07.966Z
Status Code: 400
Error: ValidationError: "name" is required. "phone" is required. "email" is required. "password" is required. "image" is required. "address" is required. "isBusiness" is required

Timestamp: 2023-07-02T19:56:55.188Z
Status Code: 403
Error: undefined

Timestamp: 2023-07-02T19:57:06.008Z
Status Code: 403
Error: undefined

Timestamp: 2023-07-02T19:57:10.473Z
Status Code: 400
Error: ValidationError: "password" is not allowed to be empty

Timestamp: 2023-07-02T19:57:23.825Z
Status Code: 400
Error: ValidationError: "password" is required

Timestamp: 2023-07-02T19:58:09.844Z
Status Code: 400
Error: ValidationError: "password" is required

Timestamp: 2023-07-02T19:58:43.314Z
Status Code: 403
Error: you do not have sufficient permissions for this action

Timestamp: 2023-07-02T19:59:25.546Z
Status Code: 403
Error: you do not have sufficient permissions for this action

Timestamp: 2023-07-02T19:59:36.495Z
Status Code: 500
Error: MongoServerError: Plan executor error during findAndModify :: caused by :: E11000 duplicate key error collection: bizcarddb.users index: email_1 dup key: { email: "avi@avi.avi" }

Timestamp: 2023-07-02T20:02:56.168Z
Status Code: 403
Error: you do not have sufficient permissions for this action

Timestamp: 2023-07-02T20:05:21.690Z
Status Code: 403
Error: you do not have sufficient permissions for this action

Timestamp: 2023-07-02T20:08:13.020Z
Status Code: 401
Error: TypeError: Cannot read properties of null (reading 'password')

Timestamp: 2023-07-02T20:09:50.548Z
Status Code: 401
Error: TypeError: Cannot read properties of null (reading 'password')

Timestamp: 2023-07-02T20:10:12.858Z
Status Code: 401
Error: TypeError: Cannot read properties of null (reading 'password')

Timestamp: 2023-07-02T20:10:55.569Z
Status Code: 401
Error: User does not exists

Timestamp: 2023-07-02T20:16:15.849Z
Status Code: 401
Error: please provide token

Timestamp: 2023-07-02T20:17:01.536Z
Status Code: 401
Error: please provide token

Timestamp: 2023-07-02T20:17:30.737Z
Status Code: 400
Error: "value" length must be 24 characters long

Timestamp: 2023-07-02T20:17:35.118Z
Status Code: 400
Error: "value" length must be 24 characters long

Timestamp: 2023-07-02T20:17:48.137Z
Status Code: 400
Error: "value" length must be 24 characters long

Timestamp: 2023-07-02T20:17:51.951Z
Status Code: 400
Error: "value" length must be 24 characters long

Timestamp: 2023-07-02T20:17:57.291Z
Status Code: 400
Error: "value" length must be 24 characters long

Timestamp: 2023-07-02T20:18:11.766Z
Status Code: 400
Error: "value" length must be 24 characters long

Timestamp: 2023-07-02T20:18:12.148Z
Status Code: 400
Error: "value" length must be 24 characters long

Timestamp: 2023-07-02T20:18:17.915Z
Status Code: 400
Error: "value" length must be 24 characters long

Timestamp: 2023-07-02T20:18:20.667Z
Status Code: 400
Error: "value" length must be 24 characters long

Timestamp: 2023-07-02T20:18:22.776Z
Status Code: 400
Error: "value" length must be 24 characters long

Timestamp: 2023-07-02T20:18:24.776Z
Status Code: 400
Error: "value" length must be 24 characters long

Timestamp: 2023-07-02T20:18:27.501Z
Status Code: 400
Error: "value" length must be 24 characters long

Timestamp: 2023-07-02T20:18:37.154Z
Status Code: 400
Error: "value" length must be 24 characters long

Timestamp: 2023-07-02T20:18:40.203Z
Status Code: 400
Error: "value" length must be 24 characters long

Timestamp: 2023-07-02T20:18:42.862Z
Status Code: 400
Error: "value" length must be 24 characters long

Timestamp: 2023-07-02T20:22:36.360Z
Status Code: 400
Error: "value" length must be 24 characters long

Timestamp: 2023-07-02T20:24:41.911Z
Status Code: 400
Error: undefined

Timestamp: 2023-07-02T20:25:02.154Z
Status Code: 400
Error: undefined

Timestamp: 2023-07-02T20:25:11.070Z
Status Code: 400
Error: undefined

Timestamp: 2023-07-02T20:25:27.624Z
Status Code: 400
Error: undefined

Timestamp: 2023-07-02T20:26:12.347Z
Status Code: 400
Error: undefined

Timestamp: 2023-07-02T20:27:09.712Z
Status Code: 400
Error: There exists no card with the id

Timestamp: 2023-07-02T20:28:46.086Z
Status Code: 400
Error: There exists no card with the id

Timestamp: 2023-07-02T20:32:49.739Z
Status Code: 400
Error: undefined

Timestamp: 2023-07-02T20:33:21.074Z
Status Code: 400
Error: ValidationError: The phone number must start with 0 and contain only numbers. You can put - after the third digit

Timestamp: 2023-07-02T20:33:33.487Z
Status Code: 400
Error: ValidationError: The phone number must start with 0 and contain only numbers. You can put - after the third digit

Timestamp: 2023-07-02T20:44:11.138Z
Status Code: 400
Error: ValidationError: The phone number must start with 0 and contain only numbers. You can put - after the third digit, and it must contain 7-12 digits

Timestamp: 2023-07-02T20:44:37.357Z
Status Code: 400
Error: ValidationError: The phone number must start with 0 and contain only numbers. You can put - after the third digit, and it must contain 7-12 digits

Timestamp: 2023-07-02T20:44:52.883Z
Status Code: 400
Error: ValidationError: The phone number must start with 0 and contain only numbers. You can put - after the third digit, and it must contain 7-12 digits

Timestamp: 2023-07-02T20:45:24.403Z
Status Code: 400
Error: ValidationError: The phone number must start with 0 and contain only numbers. You can put - after the third digit, and it must contain 7-12 digits

Timestamp: 2023-07-02T20:45:29.567Z
Status Code: 400
Error: ValidationError: The phone number must start with 0 and contain only numbers. You can put - after the third digit, and it must contain 7-12 digits

Timestamp: 2023-07-02T20:45:33.678Z
Status Code: 400
Error: ValidationError: The phone number must start with 0 and contain only numbers. You can put - after the third digit, and it must contain 7-12 digits

Timestamp: 2023-07-02T20:45:36.340Z
Status Code: 400
Error: ValidationError: The phone number must start with 0 and contain only numbers. You can put - after the third digit, and it must contain 7-12 digits

Timestamp: 2023-07-02T20:45:39.487Z
Status Code: 400
Error: ValidationError: The phone number must start with 0 and contain only numbers. You can put - after the third digit, and it must contain 7-12 digits

Timestamp: 2023-07-02T20:45:46.459Z
Status Code: 400
Error: ValidationError: The phone number must start with 0 and contain only numbers. You can put - after the third digit, and it must contain 7-12 digits

Timestamp: 2023-07-02T20:45:50.402Z
Status Code: 400
Error: ValidationError: The phone number must start with 0 and contain only numbers. You can put - after the third digit, and it must contain 7-12 digits

Timestamp: 2023-07-02T20:45:53.455Z
Status Code: 400
Error: ValidationError: The phone number must start with 0 and contain only numbers. You can put - after the third digit, and it must contain 7-12 digits

Timestamp: 2023-07-02T20:46:05.011Z
Status Code: 400
Error: ValidationError: The phone number must start with 0 and contain only numbers. You can put - after the third digit, and it must contain 7-12 digits

Timestamp: 2023-07-02T20:46:08.836Z
Status Code: 400
Error: ValidationError: The phone number must start with 0 and contain only numbers. You can put - after the third digit, and it must contain 7-12 digits

Timestamp: 2023-07-02T20:46:11.916Z
Status Code: 400
Error: MongoServerError: E11000 duplicate key error collection: bizcarddb.cards index: email_1 dup key: { email: "yasser@arafat.com" }

Timestamp: 2023-07-02T20:47:44.016Z
Status Code: 400
Error: MongoServerError: E11000 duplicate key error collection: bizcarddb.cards index: email_1 dup key: { email: "yasser@arafat.com" }

Timestamp: 2023-07-02T20:48:01.886Z
Status Code: 400
Error: MongoServerError: E11000 duplicate key error collection: bizcarddb.cards index: email_1 dup key: { email: "yasser@arafat.com" }

Timestamp: 2023-07-02T20:50:03.429Z
Status Code: 400
Error: MongoServerError: E11000 duplicate key error collection: bizcarddb.cards index: email_1 dup key: { email: "yasser@arafat.com" }

Timestamp: 2023-07-02T20:53:24.867Z
Status Code: 400
Error: MongoServerError: E11000 duplicate key error collection: bizcarddb.cards index: email_1 dup key: { email: "yasser@arafat.com" }

Timestamp: 2023-07-02T20:53:44.420Z
Status Code: 400
Error: MongoServerError: E11000 duplicate key error collection: bizcarddb.cards index: email_1 dup key: { email: "yasser@gmail.com" }

Timestamp: 2023-07-02T20:54:47.362Z
Status Code: 400
Error: MongoServerError: E11000 duplicate key error collection: bizcarddb.cards index: email_1 dup key: { email: "yasser@gmail.com" }

Timestamp: 2023-07-02T20:55:28.304Z
Status Code: 400
Error: MongoServerError: E11000 duplicate key error collection: bizcarddb.cards index: email_1 dup key: { email: "yasser@gmail.com" }

Timestamp: 2023-07-02T20:57:39.195Z
Status Code: 400
Error: MongoServerError: E11000 duplicate key error collection: bizcarddb.cards index: email_1 dup key: { email: "yasser@gmail.com" }

